Distance Measurement In Progress
Waiting For Sensor To Settle
Distance: 113.13 ft
Waiting For Sensor To Settle
Distance: 111.67 ft
Distance Measurement In Progress
Waiting For Sensor To Settle
Distance: 113.52 ft
Waiting For Sensor To Settle
Distance: 112.98 ft
Distance Measurement In Progress
Waiting For Sensor To Settle
Distance: 3.81 ft
Waiting For Sensor To Settle
Distance: 3.63 ft
Distance Measurement In Progress
Waiting For Sensor To Settle
Distance: 3.65 ft
Waiting For Sensor To Settle
Distance: 3.68 ft
Distance Measurement In Progress
Waiting For Sensor To Settle
Distance: 0.52 ft
Waiting For Sensor To Settle
Distance: 0.51 ft
usage: runp [-h] [-l] [-d DETAIL] runfile [function]
runp: error: unrecognized arguments: 1
Distance Measurement In Progress
Waiting For Sensor To Settle
Distance: 4.53 ft
Waiting For Sensor To Settle
Distance: 113.95 ft
Distance Measurement In Progress
Waiting For Sensor To Settle
Distance: 1.37 ft
Waiting For Sensor To Settle
Distance: 4.51 ft
Distance Measurement In Progress
Waiting For Sensor To Settle
Distance: 1.25 ft
Waiting For Sensor To Settle
Distance: 1.28 ft
usage: runp [-h] [-l] [-d DETAIL] runfile [function]
runp: error: unrecognized arguments: 1
Distance Measurement In Progress
Waiting For Sensor To Settle
Distance: 112.08 ft
Waiting For Sensor To Settle
Distance: 113.01 ft
Distance Measurement In Progress
Waiting For Sensor To Settle
Distance: 113.21 ft
Waiting For Sensor To Settle
Distance: 114.16 ft
Distance Measurement In Progress
Waiting For Sensor To Settle
Distance: 112.45 ft
Waiting For Sensor To Settle
Distance: 112.81 ft
Distance Measurement In Progress
Waiting For Sensor To Settle
Distance: 4.0 ft
Waiting For Sensor To Settle
Distance: 3.94 ft
Distance Measurement In Progress
Waiting For Sensor To Settle
Distance: 3.98 ft
Waiting For Sensor To Settle
Distance: 3.94 ft
Distance Measurement In Progress
Waiting For Sensor To Settle
Distance: 3.94 ft
Waiting For Sensor To Settle
Distance: 3.93 ft
Distance Measurement In Progress
Waiting For Sensor To Settle
Distance: 3.86 ft
Waiting For Sensor To Settle
Distance: 3.85 ft
Distance Measurement In Progress
Waiting For Sensor To Settle
Distance: 3.84 ft
Waiting For Sensor To Settle
Distance: 3.92 ft
Distance Measurement In Progress
Waiting For Sensor To Settle
Distance: 3.95 ft
Waiting For Sensor To Settle
Distance: 3.92 ft
Distance Measurement In Progress
Waiting For Sensor To Settle
Distance: 3.85 ft
Waiting For Sensor To Settle
Distance: 3.92 ft
Distance Measurement In Progress
Waiting For Sensor To Settle
Distance: 3.87 ft
Waiting For Sensor To Settle
Distance: 3.66 ft
Distance Measurement In Progress
Waiting For Sensor To Settle
Distance: 111.62 ft
Waiting For Sensor To Settle
Distance: 114.04 ft
Distance Measurement In Progress
Waiting For Sensor To Settle
Distance: 112.9 ft
Waiting For Sensor To Settle
Distance: 3.1 ft
Distance Measurement In Progress
Waiting For Sensor To Settle
Distance: 3.06 ft
Waiting For Sensor To Settle
Distance: 3.13 ft
Distance Measurement In Progress
Waiting For Sensor To Settle
Distance: 3.34 ft
Waiting For Sensor To Settle
Distance: 3.53 ft
Distance Measurement In Progress
Waiting For Sensor To Settle
Distance: 4.55 ft
Waiting For Sensor To Settle
Distance: 4.27 ft
Distance Measurement In Progress
Waiting For Sensor To Settle
Distance: 4.18 ft
Waiting For Sensor To Settle
Distance: 4.17 ft
Distance Measurement In Progress
Waiting For Sensor To Settle
Distance: 4.3 ft
Waiting For Sensor To Settle
Distance: 4.14 ft
Distance Measurement In Progress
Waiting For Sensor To Settle
Distance: 2.71 ft
Waiting For Sensor To Settle
Distance: 2.83 ft
Distance Measurement In Progress
Waiting For Sensor To Settle
Distance: 3.16 ft
Waiting For Sensor To Settle
Distance: 113.41 ft
Distance Measurement In Progress
Waiting For Sensor To Settle
Distance: 3.33 ft
Waiting For Sensor To Settle
Distance: 3.3 ft
Distance Measurement In Progress
Waiting For Sensor To Settle
Distance: 113.85 ft
Waiting For Sensor To Settle
Distance: 112.61 ft
Distance Measurement In Progress
Waiting For Sensor To Settle
Distance: 2.37 ft
Waiting For Sensor To Settle
Distance: 112.53 ft
Distance Measurement In Progress
Waiting For Sensor To Settle
Distance: 2.18 ft
Waiting For Sensor To Settle
Distance: 3.38 ft
Distance Measurement In Progress
Waiting For Sensor To Settle
Distance: 113.47 ft
Waiting For Sensor To Settle
Distance: 2.23 ft
Distance Measurement In Progress
Waiting For Sensor To Settle
Distance: 112.23 ft
Waiting For Sensor To Settle
Distance: 112.07 ft
Distance Measurement In Progress
Waiting For Sensor To Settle
Distance: 112.65 ft
Waiting For Sensor To Settle
Distance: 1.94 ft
Distance Measurement In Progress
Waiting For Sensor To Settle
Distance: 114.03 ft
Waiting For Sensor To Settle
Distance: 113.45 ft
Distance Measurement In Progress
Waiting For Sensor To Settle
Distance: 4.39 ft
Waiting For Sensor To Settle
Distance: 5.4 ft
Distance Measurement In Progress
Waiting For Sensor To Settle
Distance: 112.99 ft
Waiting For Sensor To Settle
Distance: 113.58 ft
Distance Measurement In Progress
Waiting For Sensor To Settle
Distance: 113.03 ft
Waiting For Sensor To Settle
Distance: 113.03 ft
Distance Measurement In Progress
Waiting For Sensor To Settle
Distance: 2.04 ft
Waiting For Sensor To Settle
Distance: 113.15 ft
Distance Measurement In Progress
Waiting For Sensor To Settle
Distance: 113.27 ft
Waiting For Sensor To Settle
Distance: 112.71 ft
Distance Measurement In Progress
Waiting For Sensor To Settle
Distance: 3.49 ft
Waiting For Sensor To Settle
Distance: 4.05 ft
Distance Measurement In Progress
Waiting For Sensor To Settle
Distance: 4.41 ft
Waiting For Sensor To Settle
Distance: 3.96 ft
Distance Measurement In Progress
Waiting For Sensor To Settle
Distance: 113.64 ft
Waiting For Sensor To Settle
Distance: 111.5 ft
Distance Measurement In Progress
Waiting For Sensor To Settle
Distance: 3.14 ft
Waiting For Sensor To Settle
Distance: 2.89 ft
Distance Measurement In Progress
Waiting For Sensor To Settle
Distance: 112.54 ft
Waiting For Sensor To Settle
Distance: 1.93 ft
Distance Measurement In Progress
Waiting For Sensor To Settle
Distance: 3.22 ft
Waiting For Sensor To Settle
Distance: 3.52 ft
Distance Measurement In Progress
Waiting For Sensor To Settle
Distance: 3.21 ft
Waiting For Sensor To Settle
Distance: 2.87 ft
Distance Measurement In Progress
Waiting For Sensor To Settle
Distance: 3.42 ft
Waiting For Sensor To Settle
Distance: 3.44 ft
Distance Measurement In Progress
Waiting For Sensor To Settle
Distance: 3.45 ft
Waiting For Sensor To Settle
Distance: 3.47 ft
Distance Measurement In Progress
Waiting For Sensor To Settle
Distance: 3.37 ft
Waiting For Sensor To Settle
Distance: 3.41 ft
Distance Measurement In Progress
Waiting For Sensor To Settle
Distance: 3.41 ft
Waiting For Sensor To Settle
Distance: 3.32 ft
Distance Measurement In Progress
Waiting For Sensor To Settle
Distance: 3.8 ft
Waiting For Sensor To Settle
Distance: 3.45 ft
Distance Measurement In Progress
Waiting For Sensor To Settle
Distance: 3.39 ft
Waiting For Sensor To Settle
Distance: 3.37 ft
Distance Measurement In Progress
Waiting For Sensor To Settle
Distance: 3.38 ft
Waiting For Sensor To Settle
Distance: 3.76 ft
Distance Measurement In Progress
Waiting For Sensor To Settle
Distance: 3.84 ft
Waiting For Sensor To Settle
Distance: 3.61 ft
Distance Measurement In Progress
Waiting For Sensor To Settle
Distance: 3.28 ft
Waiting For Sensor To Settle
Distance: 3.18 ft
Distance Measurement In Progress
Waiting For Sensor To Settle
Distance: 3.17 ft
Waiting For Sensor To Settle
Distance: 3.18 ft
Distance Measurement In Progress
Waiting For Sensor To Settle
Distance: 3.08 ft
Waiting For Sensor To Settle
Distance: 3.05 ft
Distance Measurement In Progress
Waiting For Sensor To Settle
Distance: 3.04 ft
Waiting For Sensor To Settle
Distance: 3.23 ft
Distance Measurement In Progress
Waiting For Sensor To Settle
Distance: 2.74 ft
Waiting For Sensor To Settle
Distance: 2.76 ft
Distance Measurement In Progress
Waiting For Sensor To Settle
Distance: 113.15 ft
Waiting For Sensor To Settle
Distance: 113.45 ft
Distance Measurement In Progress
Waiting For Sensor To Settle
Distance: 113.71 ft
Waiting For Sensor To Settle
Distance: 113.27 ft
Distance Measurement In Progress
Waiting For Sensor To Settle
Distance: 113.06 ft
Waiting For Sensor To Settle
Distance: 112.59 ft
Distance Measurement In Progress
Waiting For Sensor To Settle
Distance: 112.55 ft
Waiting For Sensor To Settle
Distance: 112.69 ft
Distance Measurement In Progress
Waiting For Sensor To Settle
Distance: 112.47 ft
Waiting For Sensor To Settle
Distance: 113.44 ft
Distance Measurement In Progress
Waiting For Sensor To Settle
Distance: 112.44 ft
Waiting For Sensor To Settle
Distance: 113.23 ft
Distance Measurement In Progress
Waiting For Sensor To Settle
Distance: 113.07 ft
Waiting For Sensor To Settle
Distance: 113.13 ft
Distance Measurement In Progress
Waiting For Sensor To Settle
Distance: 111.36 ft
Waiting For Sensor To Settle
Distance: 113.31 ft
Distance Measurement In Progress
Waiting For Sensor To Settle
Distance: 112.48 ft
Waiting For Sensor To Settle
Distance: 112.86 ft
Distance Measurement In Progress
Waiting For Sensor To Settle
Distance: 113.35 ft
Waiting For Sensor To Settle
Distance: 112.97 ft
Distance Measurement In Progress
Waiting For Sensor To Settle
Distance: 113.4 ft
Waiting For Sensor To Settle
Distance: 112.64 ft
Distance Measurement In Progress
Waiting For Sensor To Settle
Distance: 112.73 ft
Waiting For Sensor To Settle
Distance: 112.82 ft
Distance Measurement In Progress
Waiting For Sensor To Settle
Distance: 112.77 ft
Waiting For Sensor To Settle
Distance: 112.21 ft
Distance Measurement In Progress
Waiting For Sensor To Settle
Distance: 112.92 ft
Waiting For Sensor To Settle
Distance: 113.34 ft
Distance Measurement In Progress
Waiting For Sensor To Settle
Distance: 113.49 ft
Waiting For Sensor To Settle
Distance: 113.19 ft
Distance Measurement In Progress
Waiting For Sensor To Settle
Distance: 113.36 ft
Waiting For Sensor To Settle
Distance: 112.06 ft
Distance Measurement In Progress
Waiting For Sensor To Settle
Distance: 112.78 ft
Waiting For Sensor To Settle
Distance: 113.63 ft
Distance Measurement In Progress
Waiting For Sensor To Settle
Distance: 112.83 ft
Waiting For Sensor To Settle
Distance: 112.59 ft
Distance Measurement In Progress
Waiting For Sensor To Settle
Distance: 112.22 ft
Waiting For Sensor To Settle
Distance: 111.51 ft
Distance Measurement In Progress
Waiting For Sensor To Settle
Distance: 112.31 ft
Waiting For Sensor To Settle
Distance: 112.93 ft
Distance Measurement In Progress
Waiting For Sensor To Settle
Distance: 112.76 ft
Waiting For Sensor To Settle
Distance: 112.73 ft
Distance Measurement In Progress
Waiting For Sensor To Settle
Distance: 112.36 ft
Waiting For Sensor To Settle
Distance: 113.19 ft
Distance Measurement In Progress
Waiting For Sensor To Settle
Distance: 112.92 ft
Waiting For Sensor To Settle
Distance: 112.77 ft
Distance Measurement In Progress
Waiting For Sensor To Settle
Distance: 112.48 ft
Waiting For Sensor To Settle
Distance: 112.1 ft
Distance Measurement In Progress
Waiting For Sensor To Settle
Distance: 113.2 ft
Waiting For Sensor To Settle
Distance: 112.47 ft
Distance Measurement In Progress
Waiting For Sensor To Settle
Distance: 112.8 ft
Waiting For Sensor To Settle
Distance: 2.48 ft
Distance Measurement In Progress
Waiting For Sensor To Settle
Distance: 2.44 ft
Waiting For Sensor To Settle
Distance: 2.41 ft
Distance Measurement In Progress
Waiting For Sensor To Settle
Distance: 2.38 ft
Waiting For Sensor To Settle
Distance: 2.4 ft
Distance Measurement In Progress
Waiting For Sensor To Settle
Distance: 3.05 ft
Waiting For Sensor To Settle
Distance: 2.68 ft
Distance Measurement In Progress
Waiting For Sensor To Settle
Distance: 113.4 ft
Waiting For Sensor To Settle
Distance: 2.34 ft
Distance Measurement In Progress
Waiting For Sensor To Settle
Distance: 113.23 ft
Waiting For Sensor To Settle
Distance: 2.49 ft
Distance Measurement In Progress
Waiting For Sensor To Settle
Distance: 2.85 ft
Waiting For Sensor To Settle
Distance: 2.84 ft
Distance Measurement In Progress
Waiting For Sensor To Settle
Distance: 2.86 ft
Waiting For Sensor To Settle
Distance: 2.6 ft
Distance Measurement In Progress
Waiting For Sensor To Settle
Distance: 2.62 ft
Waiting For Sensor To Settle
Distance: 2.65 ft
Distance Measurement In Progress
Waiting For Sensor To Settle
Distance: 3.01 ft
Waiting For Sensor To Settle
Distance: 113.15 ft
Distance Measurement In Progress
Waiting For Sensor To Settle
Distance: 2.52 ft
Waiting For Sensor To Settle
Distance: 2.41 ft
Distance Measurement In Progress
Waiting For Sensor To Settle
Distance: 112.52 ft
Waiting For Sensor To Settle
Distance: 113.94 ft
Distance Measurement In Progress
Waiting For Sensor To Settle
Distance: 112.47 ft
Waiting For Sensor To Settle
Distance: 113.26 ft
Distance Measurement In Progress
Waiting For Sensor To Settle
Distance: 113.04 ft
Waiting For Sensor To Settle
Distance: 112.5 ft
Distance Measurement In Progress
Waiting For Sensor To Settle
Distance: 113.34 ft
Waiting For Sensor To Settle
Distance: 112.81 ft
Distance Measurement In Progress
Waiting For Sensor To Settle
Distance: 114.14 ft
Waiting For Sensor To Settle
Distance: 112.38 ft
Distance Measurement In Progress
Waiting For Sensor To Settle
Distance: 111.54 ft
Waiting For Sensor To Settle
Distance: 114.11 ft
Distance Measurement In Progress
Waiting For Sensor To Settle
Distance: 112.85 ft
Waiting For Sensor To Settle
Distance: 113.08 ft
Distance Measurement In Progress
Waiting For Sensor To Settle
Distance: 113.66 ft
Waiting For Sensor To Settle
Distance: 114.53 ft
Distance Measurement In Progress
Waiting For Sensor To Settle
Distance: 113.47 ft
Waiting For Sensor To Settle
Distance: 113.56 ft
Distance Measurement In Progress
Waiting For Sensor To Settle
Distance: 3.98 ft
Waiting For Sensor To Settle
Distance: 3.52 ft
Distance Measurement In Progress
Waiting For Sensor To Settle
Distance: 2.82 ft
Waiting For Sensor To Settle
Distance: 2.82 ft
Distance Measurement In Progress
Waiting For Sensor To Settle
Distance: 2.89 ft
Waiting For Sensor To Settle
Distance: 3.1 ft
Distance Measurement In Progress
Waiting For Sensor To Settle
Distance: 2.88 ft
Waiting For Sensor To Settle
Distance: 2.82 ft
Distance Measurement In Progress
Waiting For Sensor To Settle
Distance: 3.07 ft
Waiting For Sensor To Settle
Distance: 2.83 ft
Distance Measurement In Progress
Waiting For Sensor To Settle
Distance: 2.73 ft
Waiting For Sensor To Settle
Distance: 2.8 ft
Distance Measurement In Progress
Waiting For Sensor To Settle
Distance: 2.89 ft
Waiting For Sensor To Settle
Distance: 2.91 ft
Distance Measurement In Progress
Waiting For Sensor To Settle
Distance: 3.0 ft
Waiting For Sensor To Settle
Distance: 2.7 ft
Distance Measurement In Progress
Waiting For Sensor To Settle
Distance: 2.78 ft
Waiting For Sensor To Settle
Distance: 2.7 ft
Distance Measurement In Progress
Waiting For Sensor To Settle
Distance: 2.78 ft
Waiting For Sensor To Settle
Distance: 2.69 ft
Distance Measurement In Progress
Waiting For Sensor To Settle
Distance: 3.12 ft
Waiting For Sensor To Settle
Distance: 4.49 ft
Distance Measurement In Progress
Waiting For Sensor To Settle
Distance: 4.47 ft
Waiting For Sensor To Settle
Distance: 4.47 ft
Distance Measurement In Progress
Waiting For Sensor To Settle
Distance: 4.47 ft
Waiting For Sensor To Settle
Distance: 4.47 ft
Distance Measurement In Progress
Waiting For Sensor To Settle
Distance: 4.49 ft
Waiting For Sensor To Settle
Distance: 4.5 ft
Distance Measurement In Progress
Waiting For Sensor To Settle
Distance: 4.5 ft
Waiting For Sensor To Settle
Distance: 2.94 ft
Distance Measurement In Progress
Waiting For Sensor To Settle
Distance: 4.46 ft
Waiting For Sensor To Settle
Distance: 4.46 ft
Distance Measurement In Progress
Waiting For Sensor To Settle
Distance: 4.51 ft
Waiting For Sensor To Settle
Distance: 4.48 ft
Distance Measurement In Progress
Waiting For Sensor To Settle
Distance: 112.85 ft
Waiting For Sensor To Settle
Distance: 4.63 ft
Distance Measurement In Progress
Waiting For Sensor To Settle
Distance: 112.52 ft
Waiting For Sensor To Settle
Distance: 112.43 ft
Distance Measurement In Progress
Waiting For Sensor To Settle
Distance: 112.75 ft
Waiting For Sensor To Settle
Distance: 113.08 ft
Distance Measurement In Progress
Waiting For Sensor To Settle
Distance: 111.74 ft
Waiting For Sensor To Settle
Distance: 112.52 ft
Distance Measurement In Progress
Waiting For Sensor To Settle
Distance: 112.13 ft
Waiting For Sensor To Settle
Distance: 112.03 ft
Distance Measurement In Progress
Waiting For Sensor To Settle
Distance: 110.88 ft
Waiting For Sensor To Settle
Distance: 113.73 ft
Distance Measurement In Progress
Waiting For Sensor To Settle
Distance: 112.72 ft
Waiting For Sensor To Settle
Distance: 3.25 ft
Distance Measurement In Progress
Waiting For Sensor To Settle
Distance: 113.09 ft
Waiting For Sensor To Settle
Distance: 3.98 ft
Distance Measurement In Progress
Waiting For Sensor To Settle
Distance: 3.8 ft
Waiting For Sensor To Settle
Distance: 4.08 ft
Distance Measurement In Progress
Waiting For Sensor To Settle
Distance: 4.3 ft
Waiting For Sensor To Settle
Distance: 5.17 ft
Distance Measurement In Progress
Waiting For Sensor To Settle
Distance: 111.34 ft
Waiting For Sensor To Settle
Distance: 112.92 ft
Distance Measurement In Progress
Waiting For Sensor To Settle
Distance: 5.89 ft
Waiting For Sensor To Settle
Distance: 5.47 ft
Distance Measurement In Progress
Waiting For Sensor To Settle
Distance: 112.69 ft
Waiting For Sensor To Settle
Distance: 111.96 ft
Distance Measurement In Progress
Waiting For Sensor To Settle
Distance: 3.37 ft
Waiting For Sensor To Settle
Distance: 111.5 ft
Distance Measurement In Progress
Waiting For Sensor To Settle
Distance: 112.88 ft
Waiting For Sensor To Settle
Distance: 113.29 ft
Distance Measurement In Progress
Waiting For Sensor To Settle
Distance: 112.88 ft
Waiting For Sensor To Settle
Distance: 112.21 ft
Distance Measurement In Progress
Waiting For Sensor To Settle
Distance: 111.91 ft
Waiting For Sensor To Settle
Distance: 2.88 ft
Distance Measurement In Progress
Waiting For Sensor To Settle
Distance: 5.26 ft
Waiting For Sensor To Settle
Distance: 112.39 ft
Distance Measurement In Progress
Waiting For Sensor To Settle
Distance: 113.18 ft
Waiting For Sensor To Settle
Distance: 112.4 ft
Distance Measurement In Progress
Waiting For Sensor To Settle
Distance: 3.51 ft
Waiting For Sensor To Settle
Distance: 111.52 ft
Distance Measurement In Progress
Waiting For Sensor To Settle
Distance: 113.03 ft
Waiting For Sensor To Settle
Distance: 114.41 ft
Distance Measurement In Progress
Waiting For Sensor To Settle
Distance: 112.36 ft
Waiting For Sensor To Settle
Distance: 112.23 ft
Distance Measurement In Progress
Waiting For Sensor To Settle
Distance: 114.7 ft
Waiting For Sensor To Settle
Distance: 113.32 ft
Distance Measurement In Progress
Waiting For Sensor To Settle
Distance: 113.52 ft
Waiting For Sensor To Settle
Distance: 113.49 ft
Distance Measurement In Progress
Waiting For Sensor To Settle
Distance: 117.29 ft
Waiting For Sensor To Settle
Distance: 115.67 ft
Distance Measurement In Progress
Waiting For Sensor To Settle
Distance: 114.94 ft
Waiting For Sensor To Settle
Distance: 115.18 ft
Distance Measurement In Progress
Waiting For Sensor To Settle
Distance: 112.76 ft
Waiting For Sensor To Settle
Distance: 112.52 ft
Distance Measurement In Progress
Waiting For Sensor To Settle
Distance: 114.31 ft
Waiting For Sensor To Settle
Distance: 115.89 ft
Distance Measurement In Progress
Waiting For Sensor To Settle
Distance: 115.07 ft
Waiting For Sensor To Settle
Distance: 113.42 ft
Distance Measurement In Progress
Waiting For Sensor To Settle
Distance: 113.89 ft
Waiting For Sensor To Settle
Distance: 112.99 ft
Distance Measurement In Progress
Waiting For Sensor To Settle
Distance: 113.66 ft
Waiting For Sensor To Settle
Distance: 115.06 ft
Distance Measurement In Progress
Waiting For Sensor To Settle
Distance: 114.34 ft
Waiting For Sensor To Settle
Distance: 114.06 ft
Distance Measurement In Progress
Waiting For Sensor To Settle
Distance: 113.18 ft
Waiting For Sensor To Settle
Distance: 114.71 ft
Distance Measurement In Progress
Waiting For Sensor To Settle
Distance: 115.09 ft
Waiting For Sensor To Settle
Distance: 116.24 ft
Distance Measurement In Progress
Waiting For Sensor To Settle
Distance: 114.78 ft
Waiting For Sensor To Settle
Distance: 115.26 ft
Distance Measurement In Progress
Waiting For Sensor To Settle
Distance: 114.58 ft
Waiting For Sensor To Settle
Distance: 113.26 ft
Distance Measurement In Progress
Waiting For Sensor To Settle
Distance: 0.81 ft
Waiting For Sensor To Settle
Distance: 114.32 ft
Distance Measurement In Progress
Waiting For Sensor To Settle
Distance: 113.53 ft
Waiting For Sensor To Settle
Distance: 112.16 ft
Distance Measurement In Progress
Waiting For Sensor To Settle
Distance: 114.21 ft
Waiting For Sensor To Settle
Distance: 112.57 ft
Distance Measurement In Progress
Waiting For Sensor To Settle
Distance: 113.89 ft
Waiting For Sensor To Settle
Distance: 114.76 ft
Distance Measurement In Progress
Waiting For Sensor To Settle
Distance: 112.93 ft
Waiting For Sensor To Settle
Distance: 113.4 ft
Distance Measurement In Progress
Waiting For Sensor To Settle
Distance: 112.77 ft
Waiting For Sensor To Settle
Distance: 113.26 ft
Distance Measurement In Progress
Waiting For Sensor To Settle
Distance: 112.67 ft
Waiting For Sensor To Settle
Distance: 113.8 ft
Distance Measurement In Progress
Waiting For Sensor To Settle
Distance: 115.07 ft
Waiting For Sensor To Settle
Distance: 114.28 ft
Distance Measurement In Progress
Waiting For Sensor To Settle
Distance: 114.27 ft
Waiting For Sensor To Settle
Distance: 113.65 ft
Distance Measurement In Progress
Waiting For Sensor To Settle
Distance: 113.42 ft
Waiting For Sensor To Settle
Distance: 113.3 ft
Distance Measurement In Progress
Waiting For Sensor To Settle
Distance: 113.19 ft
Waiting For Sensor To Settle
Distance: 113.26 ft
Distance Measurement In Progress
Waiting For Sensor To Settle
Distance: 112.73 ft
Waiting For Sensor To Settle
Distance: 113.13 ft
Distance Measurement In Progress
Waiting For Sensor To Settle
Distance: 113.93 ft
Waiting For Sensor To Settle
Distance: 113.56 ft
Distance Measurement In Progress
Waiting For Sensor To Settle
Distance: 112.84 ft
Waiting For Sensor To Settle
Distance: 112.31 ft
Distance Measurement In Progress
Waiting For Sensor To Settle
Distance: 112.85 ft
Waiting For Sensor To Settle
Distance: 113.39 ft
Distance Measurement In Progress
Waiting For Sensor To Settle
Distance: 113.51 ft
Waiting For Sensor To Settle
Distance: 113.91 ft
Distance Measurement In Progress
Waiting For Sensor To Settle
Distance: 4.08 ft
Waiting For Sensor To Settle
Distance: 4.42 ft
Distance Measurement In Progress
Waiting For Sensor To Settle
Distance: 113.48 ft
Waiting For Sensor To Settle
Distance: 112.98 ft
Distance Measurement In Progress
Waiting For Sensor To Settle
Distance: 112.43 ft
Waiting For Sensor To Settle
Distance: 112.93 ft
Distance Measurement In Progress
Waiting For Sensor To Settle
Distance: 112.57 ft
Waiting For Sensor To Settle
Distance: 113.13 ft
Distance Measurement In Progress
Waiting For Sensor To Settle
Distance: 113.15 ft
Waiting For Sensor To Settle
Distance: 112.57 ft
Distance Measurement In Progress
Waiting For Sensor To Settle
Distance: 112.35 ft
Waiting For Sensor To Settle
Distance: 112.9 ft
Distance Measurement In Progress
Waiting For Sensor To Settle
Distance: 112.91 ft
Waiting For Sensor To Settle
Distance: 111.85 ft
Distance Measurement In Progress
Waiting For Sensor To Settle
Distance: 113.53 ft
Waiting For Sensor To Settle
Distance: 112.96 ft
Distance Measurement In Progress
Waiting For Sensor To Settle
Distance: 113.23 ft
Waiting For Sensor To Settle
Distance: 113.44 ft
Distance Measurement In Progress
Waiting For Sensor To Settle
Distance: 113.14 ft
Waiting For Sensor To Settle
Distance: 113.26 ft
Distance Measurement In Progress
Waiting For Sensor To Settle
Distance: 112.79 ft
Waiting For Sensor To Settle
Distance: 112.15 ft
Distance Measurement In Progress
Waiting For Sensor To Settle
Distance: 112.08 ft
Waiting For Sensor To Settle
Distance: 112.3 ft
Distance Measurement In Progress
Waiting For Sensor To Settle
Distance: 113.38 ft
Waiting For Sensor To Settle
Distance: 113.0 ft
Distance Measurement In Progress
Waiting For Sensor To Settle
Distance: 112.87 ft
Waiting For Sensor To Settle
Distance: 113.33 ft
Distance Measurement In Progress
Waiting For Sensor To Settle
Distance: 112.54 ft
Waiting For Sensor To Settle
Distance: 112.97 ft
Distance Measurement In Progress
Waiting For Sensor To Settle
Distance: 112.48 ft
Waiting For Sensor To Settle
Distance: 112.69 ft
Distance Measurement In Progress
Waiting For Sensor To Settle
Distance: 112.75 ft
Waiting For Sensor To Settle
Distance: 113.87 ft
Distance Measurement In Progress
Waiting For Sensor To Settle
Distance: 113.26 ft
Waiting For Sensor To Settle
Distance: 112.9 ft
Distance Measurement In Progress
Waiting For Sensor To Settle
Distance: 111.95 ft
Waiting For Sensor To Settle
Distance: 112.76 ft
Distance Measurement In Progress
Waiting For Sensor To Settle
Distance: 113.33 ft
Waiting For Sensor To Settle
Distance: 112.61 ft
Distance Measurement In Progress
Waiting For Sensor To Settle
Distance: 113.11 ft
Waiting For Sensor To Settle
Distance: 113.57 ft
Distance Measurement In Progress
Waiting For Sensor To Settle
Distance: 113.26 ft
Waiting For Sensor To Settle
Distance: 111.8 ft
Distance Measurement In Progress
Waiting For Sensor To Settle
Distance: 112.54 ft
Waiting For Sensor To Settle
Distance: 112.14 ft
Distance Measurement In Progress
Waiting For Sensor To Settle
Distance: 113.95 ft
Waiting For Sensor To Settle
Distance: 113.12 ft
Distance Measurement In Progress
Waiting For Sensor To Settle
Distance: 113.15 ft
Waiting For Sensor To Settle
Distance: 112.42 ft
Distance Measurement In Progress
Waiting For Sensor To Settle
Distance: 112.77 ft
Waiting For Sensor To Settle
Distance: 112.86 ft
Distance Measurement In Progress
Waiting For Sensor To Settle
Distance: 112.95 ft
Waiting For Sensor To Settle
Distance: 113.48 ft
Distance Measurement In Progress
Waiting For Sensor To Settle
Distance: 113.24 ft
Waiting For Sensor To Settle
Distance: 113.15 ft
Distance Measurement In Progress
Waiting For Sensor To Settle
Distance: 111.99 ft
Waiting For Sensor To Settle
Distance: 112.79 ft
Distance Measurement In Progress
Waiting For Sensor To Settle
Distance: 113.85 ft
Waiting For Sensor To Settle
Distance: 112.77 ft
Distance Measurement In Progress
Waiting For Sensor To Settle
Distance: 112.47 ft
Waiting For Sensor To Settle
Distance: 113.27 ft
Distance Measurement In Progress
Waiting For Sensor To Settle
Distance: 112.17 ft
Waiting For Sensor To Settle
Distance: 112.52 ft
Distance Measurement In Progress
Waiting For Sensor To Settle
Distance: 113.26 ft
Waiting For Sensor To Settle
Distance: 113.01 ft
Distance Measurement In Progress
Waiting For Sensor To Settle
Distance: 112.9 ft
Waiting For Sensor To Settle
Distance: 113.96 ft
Distance Measurement In Progress
Waiting For Sensor To Settle
Distance: 112.27 ft
Waiting For Sensor To Settle
Distance: 112.08 ft
Distance Measurement In Progress
Waiting For Sensor To Settle
Distance: 113.2 ft
Waiting For Sensor To Settle
Distance: 113.52 ft
Distance Measurement In Progress
Waiting For Sensor To Settle
Distance: 113.31 ft
Waiting For Sensor To Settle
Distance: 112.93 ft
Distance Measurement In Progress
Waiting For Sensor To Settle
Distance: 112.53 ft
Waiting For Sensor To Settle
Distance: 112.66 ft
Distance Measurement In Progress
Waiting For Sensor To Settle
Distance: 112.08 ft
Waiting For Sensor To Settle
Distance: 112.28 ft
Distance Measurement In Progress
Waiting For Sensor To Settle
Distance: 113.13 ft
Waiting For Sensor To Settle
Distance: 113.5 ft
Distance Measurement In Progress
Waiting For Sensor To Settle
Distance: 112.67 ft
Waiting For Sensor To Settle
Distance: 112.04 ft
Distance Measurement In Progress
Waiting For Sensor To Settle
Distance: 113.15 ft
Waiting For Sensor To Settle
Distance: 111.94 ft
Distance Measurement In Progress
Waiting For Sensor To Settle
Distance: 112.25 ft
Waiting For Sensor To Settle
Distance: 112.46 ft
Distance Measurement In Progress
Waiting For Sensor To Settle
Distance: 113.4 ft
Waiting For Sensor To Settle
Distance: 111.93 ft
Distance Measurement In Progress
Waiting For Sensor To Settle
Distance: 112.69 ft
Waiting For Sensor To Settle
Distance: 112.17 ft
Distance Measurement In Progress
Waiting For Sensor To Settle
Distance: 111.72 ft
Waiting For Sensor To Settle
Distance: 113.86 ft
Distance Measurement In Progress
Waiting For Sensor To Settle
Distance: 5.29 ft
Waiting For Sensor To Settle
Distance: 112.78 ft
Distance Measurement In Progress
Waiting For Sensor To Settle
Distance: 6.79 ft
Waiting For Sensor To Settle
Distance: 6.85 ft
Distance Measurement In Progress
Waiting For Sensor To Settle
Distance: 112.23 ft
Waiting For Sensor To Settle
Distance: 113.45 ft
Distance Measurement In Progress
Waiting For Sensor To Settle
Distance: 113.1 ft
Waiting For Sensor To Settle
Distance: 112.8 ft
Distance Measurement In Progress
Waiting For Sensor To Settle
Distance: 113.12 ft
Waiting For Sensor To Settle
Distance: 112.75 ft
Distance Measurement In Progress
Waiting For Sensor To Settle
Distance: 112.83 ft
Waiting For Sensor To Settle
Distance: 112.48 ft
Distance Measurement In Progress
Waiting For Sensor To Settle
Distance: 112.92 ft
Waiting For Sensor To Settle
Distance: 112.72 ft
Distance Measurement In Progress
Waiting For Sensor To Settle
Distance: 112.59 ft
Waiting For Sensor To Settle
Distance: 113.64 ft
Distance Measurement In Progress
Waiting For Sensor To Settle
Distance: 112.02 ft
Waiting For Sensor To Settle
Distance: 113.43 ft
Distance Measurement In Progress
Waiting For Sensor To Settle
Distance: 112.57 ft
Waiting For Sensor To Settle
Distance: 112.9 ft
Distance Measurement In Progress
Waiting For Sensor To Settle
Distance: 112.48 ft
Waiting For Sensor To Settle
Distance: 113.29 ft
Distance Measurement In Progress
Waiting For Sensor To Settle
Distance: 114.3 ft
Waiting For Sensor To Settle
Distance: 112.95 ft
Distance Measurement In Progress
Waiting For Sensor To Settle
Distance: 113.75 ft
Waiting For Sensor To Settle
Distance: 111.78 ft
Distance Measurement In Progress
Waiting For Sensor To Settle
Distance: 113.26 ft
Waiting For Sensor To Settle
Distance: 111.82 ft
Distance Measurement In Progress
Waiting For Sensor To Settle
Distance: 113.72 ft
Waiting For Sensor To Settle
Distance: 113.75 ft
Distance Measurement In Progress
Waiting For Sensor To Settle
Distance: 113.32 ft
Waiting For Sensor To Settle
Distance: 112.38 ft
Distance Measurement In Progress
Waiting For Sensor To Settle
Distance: 112.08 ft
Waiting For Sensor To Settle
Distance: 112.38 ft
Distance Measurement In Progress
Waiting For Sensor To Settle
Distance: 112.97 ft
Waiting For Sensor To Settle
Distance: 112.87 ft
Distance Measurement In Progress
Waiting For Sensor To Settle
Distance: 113.22 ft
Waiting For Sensor To Settle
Distance: 113.85 ft
Distance Measurement In Progress
Waiting For Sensor To Settle
Distance: 111.97 ft
Waiting For Sensor To Settle
Distance: 112.88 ft
Distance Measurement In Progress
Waiting For Sensor To Settle
Distance: 112.49 ft
Waiting For Sensor To Settle
Distance: 113.34 ft
Distance Measurement In Progress
Waiting For Sensor To Settle
Distance: 111.95 ft
Waiting For Sensor To Settle
Distance: 112.68 ft
Distance Measurement In Progress
Waiting For Sensor To Settle
Distance: 111.87 ft
Waiting For Sensor To Settle
Distance: 112.47 ft
Distance Measurement In Progress
Waiting For Sensor To Settle
Distance: 112.6 ft
Waiting For Sensor To Settle
Distance: 112.68 ft
Distance Measurement In Progress
Waiting For Sensor To Settle
Distance: 112.85 ft
Waiting For Sensor To Settle
Distance: 113.29 ft
Distance Measurement In Progress
Waiting For Sensor To Settle
Distance: 113.26 ft
Waiting For Sensor To Settle
Distance: 112.82 ft
Distance Measurement In Progress
Waiting For Sensor To Settle
Distance: 112.62 ft
Waiting For Sensor To Settle
Distance: 112.89 ft
Distance Measurement In Progress
Waiting For Sensor To Settle
Distance: 113.16 ft
Waiting For Sensor To Settle
Distance: 111.53 ft
Distance Measurement In Progress
Waiting For Sensor To Settle
Distance: 112.69 ft
Waiting For Sensor To Settle
Distance: 112.29 ft
Distance Measurement In Progress
Waiting For Sensor To Settle
Distance: 111.93 ft
Waiting For Sensor To Settle
Distance: 112.5 ft
Distance Measurement In Progress
Waiting For Sensor To Settle
Distance: 112.33 ft
Waiting For Sensor To Settle
Distance: 113.58 ft
Distance Measurement In Progress
Waiting For Sensor To Settle
Distance: 112.43 ft
Waiting For Sensor To Settle
Distance: 112.43 ft
Distance Measurement In Progress
Waiting For Sensor To Settle
Distance: 112.54 ft
Waiting For Sensor To Settle
Distance: 111.69 ft
Distance Measurement In Progress
Waiting For Sensor To Settle
Distance: 112.87 ft
Waiting For Sensor To Settle
Distance: 113.37 ft
Distance Measurement In Progress
Waiting For Sensor To Settle
Distance: 112.86 ft
Waiting For Sensor To Settle
Distance: 113.01 ft
Distance Measurement In Progress
Waiting For Sensor To Settle
Distance: 112.53 ft
Waiting For Sensor To Settle
Distance: 112.65 ft
Distance Measurement In Progress
Waiting For Sensor To Settle
Distance: 111.94 ft
Waiting For Sensor To Settle
Distance: 114.55 ft
Distance Measurement In Progress
Waiting For Sensor To Settle
Distance: 115.45 ft
Waiting For Sensor To Settle
Distance: 114.83 ft
Distance Measurement In Progress
Waiting For Sensor To Settle
Distance: 115.48 ft
Waiting For Sensor To Settle
Distance: 115.87 ft
Distance Measurement In Progress
Waiting For Sensor To Settle
Distance: 112.85 ft
Waiting For Sensor To Settle
Distance: 112.41 ft
Distance Measurement In Progress
Waiting For Sensor To Settle
Distance: 112.97 ft
Waiting For Sensor To Settle
Distance: 113.29 ft
Distance Measurement In Progress
Waiting For Sensor To Settle
Distance: 112.56 ft
Waiting For Sensor To Settle
Distance: 113.53 ft
Distance Measurement In Progress
Waiting For Sensor To Settle
Distance: 112.83 ft
Waiting For Sensor To Settle
Distance: 111.64 ft
Distance Measurement In Progress
Waiting For Sensor To Settle
Distance: 113.87 ft
Waiting For Sensor To Settle
Distance: 112.92 ft
Distance Measurement In Progress
Waiting For Sensor To Settle
Distance: 112.5 ft
Waiting For Sensor To Settle
Distance: 112.68 ft
Distance Measurement In Progress
Waiting For Sensor To Settle
Distance: 113.19 ft
Waiting For Sensor To Settle
Distance: 112.04 ft
Distance Measurement In Progress
Waiting For Sensor To Settle
Distance: 112.36 ft
Waiting For Sensor To Settle
Distance: 112.53 ft
Distance Measurement In Progress
Waiting For Sensor To Settle
Distance: 113.05 ft
Waiting For Sensor To Settle
Distance: 112.88 ft
Distance Measurement In Progress
Waiting For Sensor To Settle
Distance: 112.26 ft
Waiting For Sensor To Settle
Distance: 112.62 ft
Distance Measurement In Progress
Waiting For Sensor To Settle
Distance: 112.4 ft
Waiting For Sensor To Settle
Distance: 112.77 ft
Distance Measurement In Progress
Waiting For Sensor To Settle
Distance: 113.14 ft
Waiting For Sensor To Settle
Distance: 112.75 ft
Distance Measurement In Progress
Waiting For Sensor To Settle
Distance: 113.53 ft
Waiting For Sensor To Settle
Distance: 113.28 ft
Distance Measurement In Progress
Waiting For Sensor To Settle
Distance: 113.09 ft
Waiting For Sensor To Settle
Distance: 112.18 ft
Distance Measurement In Progress
Waiting For Sensor To Settle
Distance: 113.09 ft
Waiting For Sensor To Settle
Distance: 112.89 ft
Distance Measurement In Progress
Waiting For Sensor To Settle
Distance: 111.99 ft
Waiting For Sensor To Settle
Distance: 113.88 ft
Distance Measurement In Progress
Waiting For Sensor To Settle
Distance: 113.04 ft
Waiting For Sensor To Settle
Distance: 112.33 ft
Distance Measurement In Progress
Waiting For Sensor To Settle
Distance: 113.41 ft
Waiting For Sensor To Settle
Distance: 112.95 ft
Distance Measurement In Progress
Waiting For Sensor To Settle
Distance: 112.75 ft
Waiting For Sensor To Settle
Distance: 112.63 ft
Distance Measurement In Progress
Waiting For Sensor To Settle
Distance: 112.59 ft
Waiting For Sensor To Settle
Distance: 112.57 ft
Distance Measurement In Progress
Waiting For Sensor To Settle
Distance: 112.18 ft
Waiting For Sensor To Settle
Distance: 112.27 ft
Distance Measurement In Progress
Waiting For Sensor To Settle
Distance: 111.91 ft
Waiting For Sensor To Settle
Distance: 112.45 ft
Distance Measurement In Progress
Waiting For Sensor To Settle
Distance: 112.75 ft
Waiting For Sensor To Settle
Distance: 112.36 ft
Distance Measurement In Progress
Waiting For Sensor To Settle
Distance: 112.64 ft
Waiting For Sensor To Settle
Distance: 112.95 ft
Distance Measurement In Progress
Waiting For Sensor To Settle
Distance: 112.67 ft
Waiting For Sensor To Settle
Distance: 111.86 ft
Distance Measurement In Progress
Waiting For Sensor To Settle
Distance: 112.75 ft
Waiting For Sensor To Settle
Distance: 113.56 ft
Distance Measurement In Progress
Waiting For Sensor To Settle
Distance: 113.11 ft
Waiting For Sensor To Settle
Distance: 112.08 ft
Distance Measurement In Progress
Waiting For Sensor To Settle
Distance: 112.09 ft
Waiting For Sensor To Settle
Distance: 113.24 ft
Distance Measurement In Progress
Waiting For Sensor To Settle
Distance: 113.05 ft
Waiting For Sensor To Settle
Distance: 113.48 ft
Distance Measurement In Progress
Waiting For Sensor To Settle
Distance: 113.18 ft
Waiting For Sensor To Settle
Distance: 113.65 ft
Distance Measurement In Progress
Waiting For Sensor To Settle
Distance: 111.9 ft
Waiting For Sensor To Settle
Distance: 112.34 ft
Distance Measurement In Progress
Waiting For Sensor To Settle
Distance: 112.91 ft
Waiting For Sensor To Settle
Distance: 113.25 ft
Distance Measurement In Progress
Waiting For Sensor To Settle
Distance: 113.36 ft
Waiting For Sensor To Settle
Distance: 112.8 ft
Distance Measurement In Progress
Waiting For Sensor To Settle
Distance: 113.59 ft
Waiting For Sensor To Settle
Distance: 111.82 ft
Distance Measurement In Progress
Waiting For Sensor To Settle
Distance: 112.25 ft
Waiting For Sensor To Settle
Distance: 112.42 ft
Distance Measurement In Progress
Waiting For Sensor To Settle
Distance: 112.42 ft
Waiting For Sensor To Settle
Distance: 112.53 ft
Distance Measurement In Progress
Waiting For Sensor To Settle
Distance: 112.66 ft
Waiting For Sensor To Settle
Distance: 112.23 ft
Distance Measurement In Progress
Waiting For Sensor To Settle
Distance: 112.91 ft
Waiting For Sensor To Settle
Distance: 113.06 ft
Distance Measurement In Progress
Waiting For Sensor To Settle
Distance: 112.18 ft
Waiting For Sensor To Settle
Distance: 113.31 ft
Distance Measurement In Progress
Waiting For Sensor To Settle
Distance: 113.49 ft
Waiting For Sensor To Settle
Distance: 113.0 ft
Distance Measurement In Progress
Waiting For Sensor To Settle
Distance: 112.43 ft
Waiting For Sensor To Settle
Distance: 112.61 ft
Distance Measurement In Progress
Waiting For Sensor To Settle
Distance: 112.53 ft
Waiting For Sensor To Settle
Distance: 113.19 ft
Distance Measurement In Progress
Waiting For Sensor To Settle
Distance: 112.86 ft
Waiting For Sensor To Settle
Distance: 112.92 ft
Distance Measurement In Progress
Waiting For Sensor To Settle
Distance: 112.17 ft
Waiting For Sensor To Settle
Distance: 113.05 ft
Distance Measurement In Progress
Waiting For Sensor To Settle
Distance: 113.34 ft
Waiting For Sensor To Settle
Distance: 113.48 ft
Distance Measurement In Progress
Waiting For Sensor To Settle
Distance: 112.87 ft
Waiting For Sensor To Settle
Distance: 112.67 ft
Distance Measurement In Progress
Waiting For Sensor To Settle
Distance: 112.66 ft
Waiting For Sensor To Settle
Distance: 112.38 ft
Distance Measurement In Progress
Waiting For Sensor To Settle
Distance: 114.34 ft
Waiting For Sensor To Settle
Distance: 112.05 ft
Distance Measurement In Progress
Waiting For Sensor To Settle
Distance: 113.87 ft
Waiting For Sensor To Settle
Distance: 113.8 ft
Distance Measurement In Progress
Waiting For Sensor To Settle
Distance: 114.42 ft
Waiting For Sensor To Settle
Distance: 113.17 ft
Distance Measurement In Progress
Waiting For Sensor To Settle
Distance: 112.63 ft
Waiting For Sensor To Settle
Distance: 112.7 ft
Distance Measurement In Progress
Waiting For Sensor To Settle
Distance: 112.62 ft
Waiting For Sensor To Settle
Distance: 112.42 ft
Distance Measurement In Progress
Waiting For Sensor To Settle
Distance: 113.28 ft
Waiting For Sensor To Settle
Distance: 113.28 ft
Distance Measurement In Progress
Waiting For Sensor To Settle
Distance: 1.77 ft
Waiting For Sensor To Settle
Distance: 2.18 ft
Distance Measurement In Progress
Waiting For Sensor To Settle
Distance: 112.63 ft
Waiting For Sensor To Settle
Distance: 7.83 ft
Distance Measurement In Progress
Waiting For Sensor To Settle
Distance: 114.08 ft
Waiting For Sensor To Settle
Distance: 113.05 ft
Distance Measurement In Progress
Waiting For Sensor To Settle
Distance: 112.72 ft
Waiting For Sensor To Settle
Distance: 113.16 ft
Distance Measurement In Progress
Waiting For Sensor To Settle
Distance: 3.1 ft
Waiting For Sensor To Settle
Distance: 4.2 ft
Distance Measurement In Progress
Waiting For Sensor To Settle
Distance: 3.17 ft
Waiting For Sensor To Settle
Distance: 113.04 ft
Distance Measurement In Progress
Waiting For Sensor To Settle
Distance: 3.12 ft
Waiting For Sensor To Settle
Distance: 3.13 ft
Distance Measurement In Progress
Waiting For Sensor To Settle
Distance: 3.17 ft
Waiting For Sensor To Settle
Distance: 3.11 ft
Distance Measurement In Progress
Waiting For Sensor To Settle
Distance: 3.13 ft
Waiting For Sensor To Settle
Distance: 3.17 ft
Distance Measurement In Progress
Waiting For Sensor To Settle
Distance: 3.1 ft
Waiting For Sensor To Settle
Distance: 3.13 ft
Distance Measurement In Progress
Waiting For Sensor To Settle
Distance: 3.15 ft
Waiting For Sensor To Settle
Distance: 3.11 ft
Distance Measurement In Progress
Waiting For Sensor To Settle
Distance: 3.14 ft
Waiting For Sensor To Settle
Distance: 3.08 ft
Distance Measurement In Progress
Waiting For Sensor To Settle
Distance: 3.05 ft
Waiting For Sensor To Settle
Distance: 3.09 ft
Distance Measurement In Progress
Waiting For Sensor To Settle
Distance: 3.42 ft
Waiting For Sensor To Settle
Distance: 112.33 ft
Distance Measurement In Progress
Waiting For Sensor To Settle
Distance: 112.31 ft
Waiting For Sensor To Settle
Distance: 113.01 ft
Distance Measurement In Progress
Waiting For Sensor To Settle
Distance: 112.74 ft
Waiting For Sensor To Settle
Distance: 112.96 ft
Distance Measurement In Progress
Waiting For Sensor To Settle
Distance: 112.17 ft
Waiting For Sensor To Settle
Distance: 112.66 ft
Distance Measurement In Progress
Waiting For Sensor To Settle
Distance: 111.92 ft
Waiting For Sensor To Settle
Distance: 112.61 ft
Distance Measurement In Progress
Waiting For Sensor To Settle
Distance: 113.06 ft
Waiting For Sensor To Settle
Distance: 113.7 ft
Distance Measurement In Progress
Waiting For Sensor To Settle
Distance: 113.41 ft
Waiting For Sensor To Settle
Distance: 111.74 ft
Distance Measurement In Progress
Waiting For Sensor To Settle
Distance: 111.97 ft
Waiting For Sensor To Settle
Distance: 112.83 ft
Distance Measurement In Progress
Waiting For Sensor To Settle
Distance: 3.37 ft
Waiting For Sensor To Settle
Distance: 3.29 ft
Distance Measurement In Progress
Waiting For Sensor To Settle
Distance: 3.32 ft
Waiting For Sensor To Settle
Distance: 113.68 ft
Distance Measurement In Progress
Waiting For Sensor To Settle
Distance: 112.12 ft
Waiting For Sensor To Settle
Distance: 111.47 ft
Distance Measurement In Progress
Waiting For Sensor To Settle
Distance: 112.46 ft
Waiting For Sensor To Settle
Distance: 112.84 ft
Distance Measurement In Progress
Waiting For Sensor To Settle
Distance: 113.12 ft
Waiting For Sensor To Settle
Distance: 112.85 ft
Distance Measurement In Progress
Waiting For Sensor To Settle
Distance: 112.17 ft
Waiting For Sensor To Settle
Distance: 112.64 ft
Distance Measurement In Progress
Waiting For Sensor To Settle
Distance: 112.79 ft
Waiting For Sensor To Settle
Distance: 113.0 ft
Distance Measurement In Progress
Waiting For Sensor To Settle
Distance: 112.52 ft
Waiting For Sensor To Settle
Distance: 113.07 ft
Distance Measurement In Progress
Waiting For Sensor To Settle
Distance: 112.35 ft
Waiting For Sensor To Settle
Distance: 112.51 ft
Distance Measurement In Progress
Waiting For Sensor To Settle
Distance: 112.58 ft
Waiting For Sensor To Settle
Distance: 114.79 ft
Distance Measurement In Progress
Waiting For Sensor To Settle
Distance: 112.91 ft
Waiting For Sensor To Settle
Distance: 112.89 ft
Distance Measurement In Progress
Waiting For Sensor To Settle
Distance: 111.75 ft
Waiting For Sensor To Settle
Distance: 113.53 ft
Distance Measurement In Progress
Waiting For Sensor To Settle
Distance: 113.3 ft
Waiting For Sensor To Settle
Distance: 112.49 ft
Distance Measurement In Progress
Waiting For Sensor To Settle
Distance: 113.07 ft
Waiting For Sensor To Settle
Distance: 112.82 ft
Distance Measurement In Progress
Waiting For Sensor To Settle
Distance: 112.97 ft
Waiting For Sensor To Settle
Distance: 113.04 ft
Distance Measurement In Progress
Waiting For Sensor To Settle
Distance: 112.5 ft
Waiting For Sensor To Settle
Distance: 113.43 ft
Distance Measurement In Progress
Waiting For Sensor To Settle
Distance: 111.12 ft
Waiting For Sensor To Settle
Distance: 113.44 ft
Distance Measurement In Progress
Waiting For Sensor To Settle
Distance: 112.97 ft
Waiting For Sensor To Settle
Distance: 113.17 ft
Distance Measurement In Progress
Waiting For Sensor To Settle
Distance: 112.74 ft
Waiting For Sensor To Settle
Distance: 113.32 ft
Distance Measurement In Progress
Waiting For Sensor To Settle
Distance: 112.71 ft
Waiting For Sensor To Settle
Distance: 113.64 ft
Distance Measurement In Progress
Waiting For Sensor To Settle
Distance: 112.86 ft
Waiting For Sensor To Settle
Distance: 113.02 ft
Distance Measurement In Progress
Waiting For Sensor To Settle
Distance: 113.54 ft
Waiting For Sensor To Settle
Distance: 113.72 ft
Distance Measurement In Progress
Waiting For Sensor To Settle
Distance: 111.59 ft
Waiting For Sensor To Settle
Distance: 113.11 ft
Distance Measurement In Progress
Waiting For Sensor To Settle
Distance: 113.18 ft
Waiting For Sensor To Settle
Distance: 112.94 ft
Distance Measurement In Progress
Waiting For Sensor To Settle
Distance: 112.8 ft
Waiting For Sensor To Settle
Distance: 113.19 ft
Distance Measurement In Progress
Waiting For Sensor To Settle
Distance: 112.7 ft
Waiting For Sensor To Settle
Distance: 111.36 ft
Distance Measurement In Progress
Waiting For Sensor To Settle
Distance: 112.66 ft
Waiting For Sensor To Settle
Distance: 113.07 ft
Distance Measurement In Progress
Waiting For Sensor To Settle
Distance: 112.82 ft
Waiting For Sensor To Settle
Distance: 112.94 ft
Distance Measurement In Progress
Waiting For Sensor To Settle
Distance: 111.7 ft
Waiting For Sensor To Settle
Distance: 111.81 ft
Distance Measurement In Progress
Waiting For Sensor To Settle
Distance: 112.95 ft
Waiting For Sensor To Settle
Distance: 114.37 ft
Distance Measurement In Progress
Waiting For Sensor To Settle
Distance: 111.76 ft
Waiting For Sensor To Settle
Distance: 113.55 ft
Distance Measurement In Progress
Waiting For Sensor To Settle
Distance: 113.17 ft
Waiting For Sensor To Settle
Distance: 112.19 ft
Distance Measurement In Progress
Waiting For Sensor To Settle
Distance: 112.69 ft
Waiting For Sensor To Settle
Distance: 111.78 ft
Distance Measurement In Progress
Waiting For Sensor To Settle
Distance: 113.96 ft
Waiting For Sensor To Settle
Distance: 112.63 ft
Distance Measurement In Progress
Waiting For Sensor To Settle
Distance: 112.21 ft
Waiting For Sensor To Settle
Distance: 112.8 ft
Distance Measurement In Progress
Waiting For Sensor To Settle
Distance: 112.43 ft
Waiting For Sensor To Settle
Distance: 112.49 ft
Distance Measurement In Progress
Waiting For Sensor To Settle
Distance: 112.38 ft
Waiting For Sensor To Settle
Distance: 111.14 ft
Distance Measurement In Progress
Waiting For Sensor To Settle
Distance: 113.71 ft
Waiting For Sensor To Settle
Distance: 112.55 ft
Distance Measurement In Progress
Waiting For Sensor To Settle
Distance: 112.52 ft
Waiting For Sensor To Settle
Distance: 112.97 ft
Distance Measurement In Progress
Waiting For Sensor To Settle
Distance: 112.68 ft
Waiting For Sensor To Settle
Distance: 113.9 ft
Distance Measurement In Progress
Waiting For Sensor To Settle
Distance: 113.44 ft
Waiting For Sensor To Settle
Distance: 111.98 ft
Distance Measurement In Progress
Waiting For Sensor To Settle
Distance: 113.55 ft
Waiting For Sensor To Settle
Distance: 112.17 ft
Distance Measurement In Progress
Waiting For Sensor To Settle
Distance: 112.64 ft
Waiting For Sensor To Settle
Distance: 112.13 ft
Distance Measurement In Progress
Waiting For Sensor To Settle
Distance: 113.35 ft
Waiting For Sensor To Settle
Distance: 112.71 ft
Distance Measurement In Progress
Waiting For Sensor To Settle
Distance: 112.5 ft
Waiting For Sensor To Settle
Distance: 113.06 ft
Distance Measurement In Progress
Waiting For Sensor To Settle
Distance: 112.56 ft
Waiting For Sensor To Settle
Distance: 112.56 ft
Distance Measurement In Progress
Waiting For Sensor To Settle
Distance: 112.73 ft
Waiting For Sensor To Settle
Distance: 112.5 ft
Distance Measurement In Progress
Waiting For Sensor To Settle
Distance: 113.51 ft
Waiting For Sensor To Settle
Distance: 113.1 ft
Distance Measurement In Progress
Waiting For Sensor To Settle
Distance: 113.47 ft
Waiting For Sensor To Settle
Distance: 113.26 ft
Distance Measurement In Progress
Waiting For Sensor To Settle
Distance: 112.75 ft
Waiting For Sensor To Settle
Distance: 112.94 ft
Distance Measurement In Progress
Waiting For Sensor To Settle
Distance: 113.03 ft
Waiting For Sensor To Settle
Distance: 113.67 ft
Distance Measurement In Progress
Waiting For Sensor To Settle
Distance: 112.93 ft
Waiting For Sensor To Settle
Distance: 112.19 ft
Distance Measurement In Progress
Waiting For Sensor To Settle
Distance: 113.11 ft
Waiting For Sensor To Settle
Distance: 112.53 ft
Distance Measurement In Progress
Waiting For Sensor To Settle
Distance: 112.88 ft
Waiting For Sensor To Settle
Distance: 112.51 ft
Distance Measurement In Progress
Waiting For Sensor To Settle
Distance: 112.33 ft
Waiting For Sensor To Settle
Distance: 112.72 ft
Distance Measurement In Progress
Waiting For Sensor To Settle
Distance: 113.47 ft
Waiting For Sensor To Settle
Distance: 112.2 ft
Distance Measurement In Progress
Waiting For Sensor To Settle
Distance: 112.39 ft
Waiting For Sensor To Settle
Distance: 113.87 ft
Distance Measurement In Progress
Waiting For Sensor To Settle
Distance: 112.55 ft
Waiting For Sensor To Settle
Distance: 112.53 ft
Distance Measurement In Progress
Waiting For Sensor To Settle
Distance: 111.88 ft
Waiting For Sensor To Settle
Distance: 112.48 ft
Distance Measurement In Progress
Waiting For Sensor To Settle
Distance: 111.9 ft
Waiting For Sensor To Settle
Distance: 112.56 ft
Distance Measurement In Progress
Waiting For Sensor To Settle
Distance: 113.17 ft
Waiting For Sensor To Settle
Distance: 113.57 ft
Distance Measurement In Progress
Waiting For Sensor To Settle
Distance: 113.34 ft
Waiting For Sensor To Settle
Distance: 112.57 ft
Distance Measurement In Progress
Waiting For Sensor To Settle
Distance: 111.97 ft
Waiting For Sensor To Settle
Distance: 112.72 ft
Distance Measurement In Progress
Waiting For Sensor To Settle
Distance: 112.26 ft
Waiting For Sensor To Settle
Distance: 112.78 ft
Distance Measurement In Progress
Waiting For Sensor To Settle
Distance: 112.72 ft
Waiting For Sensor To Settle
Distance: 111.94 ft
Distance Measurement In Progress
Waiting For Sensor To Settle
Distance: 113.55 ft
Waiting For Sensor To Settle
Distance: 111.92 ft
Distance Measurement In Progress
Waiting For Sensor To Settle
Distance: 113.22 ft
Waiting For Sensor To Settle
Distance: 112.31 ft
Distance Measurement In Progress
Waiting For Sensor To Settle
Distance: 112.4 ft
Waiting For Sensor To Settle
Distance: 111.83 ft
Distance Measurement In Progress
Waiting For Sensor To Settle
Distance: 112.95 ft
Waiting For Sensor To Settle
Distance: 112.17 ft
Distance Measurement In Progress
Waiting For Sensor To Settle
Distance: 112.06 ft
Waiting For Sensor To Settle
Distance: 113.6 ft
Distance Measurement In Progress
Waiting For Sensor To Settle
Distance: 113.12 ft
Waiting For Sensor To Settle
Distance: 113.17 ft
Distance Measurement In Progress
Waiting For Sensor To Settle
Distance: 113.13 ft
Waiting For Sensor To Settle
Distance: 113.07 ft
Distance Measurement In Progress
Waiting For Sensor To Settle
Distance: 4.9 ft
Waiting For Sensor To Settle
Distance: 4.65 ft
Distance Measurement In Progress
Waiting For Sensor To Settle
Distance: 4.82 ft
Waiting For Sensor To Settle
Distance: 5.5 ft
Distance Measurement In Progress
Waiting For Sensor To Settle
Distance: 5.04 ft
Waiting For Sensor To Settle
Distance: 5.08 ft
Distance Measurement In Progress
Waiting For Sensor To Settle
Distance: 4.93 ft
Waiting For Sensor To Settle
Distance: 4.94 ft
Distance Measurement In Progress
Waiting For Sensor To Settle
Distance: 4.94 ft
Waiting For Sensor To Settle
Distance: 4.89 ft
Distance Measurement In Progress
Waiting For Sensor To Settle
Distance: 5.17 ft
Waiting For Sensor To Settle
Distance: 5.17 ft
Distance Measurement In Progress
Waiting For Sensor To Settle
Distance: 5.07 ft
Waiting For Sensor To Settle
Distance: 5.21 ft
Distance Measurement In Progress
Waiting For Sensor To Settle
Distance: 5.14 ft
Waiting For Sensor To Settle
Distance: 112.3 ft
Distance Measurement In Progress
Waiting For Sensor To Settle
Distance: 5.55 ft
Waiting For Sensor To Settle
Distance: 5.01 ft
Distance Measurement In Progress
Waiting For Sensor To Settle
Distance: 3.32 ft
Waiting For Sensor To Settle
Distance: 3.35 ft
Distance Measurement In Progress
Waiting For Sensor To Settle
Distance: 4.91 ft
Waiting For Sensor To Settle
Distance: 5.26 ft
Distance Measurement In Progress
Waiting For Sensor To Settle
Distance: 112.56 ft
Waiting For Sensor To Settle
Distance: 113.24 ft
Distance Measurement In Progress
Waiting For Sensor To Settle
Distance: 3.09 ft
Waiting For Sensor To Settle
Distance: 4.82 ft
Distance Measurement In Progress
Waiting For Sensor To Settle
Distance: 4.9 ft
Waiting For Sensor To Settle
Distance: 3.09 ft
Distance Measurement In Progress
Waiting For Sensor To Settle
Distance: 4.86 ft
Waiting For Sensor To Settle
Distance: 113.6 ft
Distance Measurement In Progress
Waiting For Sensor To Settle
Distance: 3.15 ft
Waiting For Sensor To Settle
Distance: 3.18 ft
Distance Measurement In Progress
Waiting For Sensor To Settle
Distance: 3.07 ft
Waiting For Sensor To Settle
Distance: 3.13 ft
Distance Measurement In Progress
Waiting For Sensor To Settle
Distance: 3.04 ft
Waiting For Sensor To Settle
Distance: 3.1 ft
Distance Measurement In Progress
Waiting For Sensor To Settle
Distance: 2.99 ft
Waiting For Sensor To Settle
Distance: 3.67 ft
Distance Measurement In Progress
Waiting For Sensor To Settle
Distance: 113.32 ft
Waiting For Sensor To Settle
Distance: 111.9 ft
Distance Measurement In Progress
Waiting For Sensor To Settle
Distance: 3.29 ft
Waiting For Sensor To Settle
Distance: 3.34 ft
Distance Measurement In Progress
Waiting For Sensor To Settle
Distance: 3.35 ft
Waiting For Sensor To Settle
Distance: 112.78 ft
Distance Measurement In Progress
Waiting For Sensor To Settle
Distance: 112.13 ft
Waiting For Sensor To Settle
Distance: 112.91 ft
Distance Measurement In Progress
Waiting For Sensor To Settle
Distance: 3.36 ft
Waiting For Sensor To Settle
Distance: 3.38 ft
Distance Measurement In Progress
Waiting For Sensor To Settle
Distance: 113.36 ft
Waiting For Sensor To Settle
Distance: 113.43 ft
Distance Measurement In Progress
Waiting For Sensor To Settle
Distance: 113.2 ft
Waiting For Sensor To Settle
Distance: 112.62 ft
Distance Measurement In Progress
Waiting For Sensor To Settle
Distance: 113.3 ft
Waiting For Sensor To Settle
Distance: 113.5 ft
Distance Measurement In Progress
Waiting For Sensor To Settle
Distance: 113.04 ft
Waiting For Sensor To Settle
Distance: 113.21 ft
Distance Measurement In Progress
Waiting For Sensor To Settle
Distance: 113.45 ft
Waiting For Sensor To Settle
Distance: 112.42 ft
Distance Measurement In Progress
Waiting For Sensor To Settle
Distance: 112.35 ft
Waiting For Sensor To Settle
Distance: 112.18 ft
Distance Measurement In Progress
Waiting For Sensor To Settle
Distance: 3.85 ft
Waiting For Sensor To Settle
Distance: 3.8 ft
Distance Measurement In Progress
Waiting For Sensor To Settle
Distance: 114.08 ft
Waiting For Sensor To Settle
Distance: 114.72 ft
Distance Measurement In Progress
Waiting For Sensor To Settle
Distance: 112.1 ft
Waiting For Sensor To Settle
Distance: 112.88 ft
Distance Measurement In Progress
Waiting For Sensor To Settle
Distance: 113.12 ft
Waiting For Sensor To Settle
Distance: 113.02 ft
Distance Measurement In Progress
Waiting For Sensor To Settle
Distance: 112.92 ft
Waiting For Sensor To Settle
Distance: 112.93 ft
Distance Measurement In Progress
Waiting For Sensor To Settle
Distance: 112.46 ft
Waiting For Sensor To Settle
Distance: 111.71 ft
Distance Measurement In Progress
Waiting For Sensor To Settle
Distance: 3.45 ft
Waiting For Sensor To Settle
Distance: 3.48 ft
Distance Measurement In Progress
Waiting For Sensor To Settle
Distance: 112.67 ft
Waiting For Sensor To Settle
Distance: 112.48 ft
Distance Measurement In Progress
Waiting For Sensor To Settle
Distance: 113.73 ft
Waiting For Sensor To Settle
Distance: 112.59 ft
Distance Measurement In Progress
Waiting For Sensor To Settle
Distance: 112.49 ft
Waiting For Sensor To Settle
Distance: 3.46 ft
Distance Measurement In Progress
Waiting For Sensor To Settle
Distance: 3.49 ft
Waiting For Sensor To Settle
Distance: 112.5 ft
Distance Measurement In Progress
Waiting For Sensor To Settle
Distance: 112.38 ft
Waiting For Sensor To Settle
Distance: 111.72 ft
Distance Measurement In Progress
Waiting For Sensor To Settle
Distance: 113.24 ft
Waiting For Sensor To Settle
Distance: 112.91 ft
Distance Measurement In Progress
Waiting For Sensor To Settle
Distance: 113.21 ft
Waiting For Sensor To Settle
Distance: 114.24 ft
Distance Measurement In Progress
Waiting For Sensor To Settle
Distance: 112.21 ft
Waiting For Sensor To Settle
Distance: 112.94 ft
Distance Measurement In Progress
Waiting For Sensor To Settle
Distance: 112.98 ft
Waiting For Sensor To Settle
Distance: 112.76 ft
Distance Measurement In Progress
Waiting For Sensor To Settle
Distance: 112.44 ft
Waiting For Sensor To Settle
Distance: 112.7 ft
Distance Measurement In Progress
Waiting For Sensor To Settle
Distance: 112.47 ft
Waiting For Sensor To Settle
Distance: 113.81 ft
Distance Measurement In Progress
Waiting For Sensor To Settle
Distance: 113.31 ft
Waiting For Sensor To Settle
Distance: 113.21 ft
Distance Measurement In Progress
Waiting For Sensor To Settle
Distance: 113.27 ft
Waiting For Sensor To Settle
Distance: 112.92 ft
Distance Measurement In Progress
Waiting For Sensor To Settle
Distance: 113.13 ft
Waiting For Sensor To Settle
Distance: 112.61 ft
Distance Measurement In Progress
Waiting For Sensor To Settle
Distance: 3.4 ft
Waiting For Sensor To Settle
Distance: 3.29 ft
Distance Measurement In Progress
Waiting For Sensor To Settle
Distance: 3.53 ft
Waiting For Sensor To Settle
Distance: 3.56 ft
Distance Measurement In Progress
Waiting For Sensor To Settle
Distance: 112.62 ft
Waiting For Sensor To Settle
Distance: 3.63 ft
Distance Measurement In Progress
Waiting For Sensor To Settle
Distance: 3.7 ft
Waiting For Sensor To Settle
Distance: 3.72 ft
Distance Measurement In Progress
Waiting For Sensor To Settle
Distance: 3.76 ft
Waiting For Sensor To Settle
Distance: 3.76 ft
Distance Measurement In Progress
Waiting For Sensor To Settle
Distance: 3.75 ft
Waiting For Sensor To Settle
Distance: 3.76 ft
Distance Measurement In Progress
Waiting For Sensor To Settle
Distance: 112.38 ft
Waiting For Sensor To Settle
Distance: 3.81 ft
Distance Measurement In Progress
Waiting For Sensor To Settle
Distance: 113.16 ft
Waiting For Sensor To Settle
Distance: 112.98 ft
Distance Measurement In Progress
Waiting For Sensor To Settle
Distance: 111.83 ft
Waiting For Sensor To Settle
Distance: 113.34 ft
Distance Measurement In Progress
Waiting For Sensor To Settle
Distance: 3.89 ft
Waiting For Sensor To Settle
Distance: 113.49 ft
Distance Measurement In Progress
Waiting For Sensor To Settle
Distance: 113.66 ft
Waiting For Sensor To Settle
Distance: 3.86 ft
Distance Measurement In Progress
Waiting For Sensor To Settle
Distance: 3.85 ft
Waiting For Sensor To Settle
Distance: 3.89 ft
Distance Measurement In Progress
Waiting For Sensor To Settle
Distance: 3.89 ft
Waiting For Sensor To Settle
Distance: 3.86 ft
Distance Measurement In Progress
Waiting For Sensor To Settle
Distance: 3.89 ft
Waiting For Sensor To Settle
Distance: 3.87 ft
Distance Measurement In Progress
Waiting For Sensor To Settle
Distance: 112.87 ft
Waiting For Sensor To Settle
Distance: 3.88 ft
Distance Measurement In Progress
Waiting For Sensor To Settle
Distance: 113.1 ft
Waiting For Sensor To Settle
Distance: 113.03 ft
Distance Measurement In Progress
Waiting For Sensor To Settle
Distance: 112.56 ft
Waiting For Sensor To Settle
Distance: 113.22 ft
Distance Measurement In Progress
Waiting For Sensor To Settle
Distance: 112.23 ft
Waiting For Sensor To Settle
Distance: 112.02 ft
Distance Measurement In Progress
Waiting For Sensor To Settle
Distance: 3.85 ft
Waiting For Sensor To Settle
Distance: 113.47 ft
Distance Measurement In Progress
Waiting For Sensor To Settle
Distance: 113.24 ft
Waiting For Sensor To Settle
Distance: 113.43 ft
Distance Measurement In Progress
Waiting For Sensor To Settle
Distance: 113.04 ft
Waiting For Sensor To Settle
Distance: 3.88 ft
Distance Measurement In Progress
Waiting For Sensor To Settle
Distance: 111.46 ft
Waiting For Sensor To Settle
Distance: 3.93 ft
Distance Measurement In Progress
Waiting For Sensor To Settle
Distance: 3.93 ft
Waiting For Sensor To Settle
Distance: 3.97 ft
Distance Measurement In Progress
Waiting For Sensor To Settle
Distance: 3.93 ft
Waiting For Sensor To Settle
Distance: 3.92 ft
Distance Measurement In Progress
Waiting For Sensor To Settle
Distance: 112.23 ft
Waiting For Sensor To Settle
Distance: 1.75 ft
Distance Measurement In Progress
Waiting For Sensor To Settle
Distance: 3.92 ft
Waiting For Sensor To Settle
Distance: 3.98 ft
Distance Measurement In Progress
Waiting For Sensor To Settle
Distance: 3.96 ft
Waiting For Sensor To Settle
Distance: 3.93 ft
Distance Measurement In Progress
Waiting For Sensor To Settle
Distance: 3.92 ft
Waiting For Sensor To Settle
Distance: 3.96 ft
Distance Measurement In Progress
Waiting For Sensor To Settle
Distance: 112.95 ft
Waiting For Sensor To Settle
Distance: 2.28 ft
Distance Measurement In Progress
Waiting For Sensor To Settle
Distance: 3.95 ft
Waiting For Sensor To Settle
Distance: 3.95 ft
Distance Measurement In Progress
Waiting For Sensor To Settle
Distance: 3.94 ft
Waiting For Sensor To Settle
Distance: 3.96 ft
